<?xml version="1.0" encoding="UTF-8"?>
<!-- Generated by org.testng.reporters.JUnitXMLReporter -->
<testsuite hostname="ip-172-31-16-144" ignored="1" name="Default test" tests="2" failures="0" timestamp="16 Apr 2023 04:03:55 GMT" time="0.033" errors="0">
  <testcase name="test3" time="0.004" classname="testcases.HomeLoanTest"/>
  <testcase name="test2" time="0.001" classname="testcases.HomeLoanTest"/>
  <testcase name="test1" time="0.0" classname="testcases.HomeLoanTest">
    <ignored/>
  </testcase> <!-- test1 -->
</testsuite> <!-- Default test -->
