<?xml version="1.0" encoding="UTF-8"?>
<testng-results skipped="0" failed="0" ignored="6" total="10" passed="4">
  <reporter-output>
  </reporter-output>
  <suite name="Regression" duration-ms="24" started-at="2023-04-16T04:53:01Z" finished-at="2023-04-16T04:53:01Z">
    <groups>
      <group name="regression">
        <method signature="HomeLoanTest.test4()[pri:0, instance:testcases.HomeLoanTest@694e1548]" name="test4" class="testcases.HomeLoanTest"/>
      </group> <!-- regression -->
      <group name="sanity">
        <method signature="CreditCardTest.test4()[pri:0, instance:testcases.CreditCardTest@3fd7a715]" name="test4" class="testcases.CreditCardTest"/>
        <method signature="HomeLoanTest.test4()[pri:0, instance:testcases.HomeLoanTest@694e1548]" name="test4" class="testcases.HomeLoanTest"/>
      </group> <!-- sanity -->
    </groups>
    <test name="Test" duration-ms="24" started-at="2023-04-16T04:53:01Z" finished-at="2023-04-16T04:53:01Z">
      <class name="testcases.CarLoanTest">
        <test-method status="PASS" signature="method1()[pri:0, instance:testcases.CarLoanTest@26aa12dd]" name="method1" is-config="true" duration-ms="1" started-at="2023-04-16T04:53:01Z" finished-at="2023-04-16T04:53:01Z">
          <reporter-output>
          </reporter-output>
        </test-method> <!-- method1 -->
        <test-method status="PASS" signature="test3()[pri:0, instance:testcases.CarLoanTest@26aa12dd]" name="test3" duration-ms="0" started-at="2023-04-16T04:53:01Z" finished-at="2023-04-16T04:53:01Z">
          <reporter-output>
          </reporter-output>
        </test-method> <!-- test3 -->
        <test-method status="PASS" signature="method2()[pri:0, instance:testcases.CarLoanTest@26aa12dd]" name="method2" is-config="true" duration-ms="0" started-at="2023-04-16T04:53:01Z" finished-at="2023-04-16T04:53:01Z">
          <reporter-output>
          </reporter-output>
        </test-method> <!-- method2 -->
      </class> <!-- testcases.CarLoanTest -->
      <class name="testcases.CreditCardTest">
        <test-method status="PASS" signature="test4()[pri:0, instance:testcases.CreditCardTest@3fd7a715]" name="test4" duration-ms="1" started-at="2023-04-16T04:53:01Z" finished-at="2023-04-16T04:53:01Z">
          <reporter-output>
          </reporter-output>
        </test-method> <!-- test4 -->
        <test-method status="PASS" signature="method1()[pri:0, instance:testcases.CreditCardTest@3fd7a715]" name="method1" is-config="true" duration-ms="0" started-at="2023-04-16T04:53:01Z" finished-at="2023-04-16T04:53:01Z">
          <reporter-output>
          </reporter-output>
        </test-method> <!-- method1 -->
        <test-method status="PASS" signature="method2()[pri:0, instance:testcases.CreditCardTest@3fd7a715]" name="method2" is-config="true" duration-ms="0" started-at="2023-04-16T04:53:01Z" finished-at="2023-04-16T04:53:01Z">
          <reporter-output>
          </reporter-output>
        </test-method> <!-- method2 -->
      </class> <!-- testcases.CreditCardTest -->
      <class name="testcases.HomeLoanTest">
        <test-method status="PASS" signature="method3()[pri:0, instance:testcases.HomeLoanTest@694e1548]" name="method3" is-config="true" duration-ms="8" started-at="2023-04-16T04:53:01Z" finished-at="2023-04-16T04:53:01Z">
          <reporter-output>
          </reporter-output>
        </test-method> <!-- method3 -->
        <test-method status="PASS" signature="method1()[pri:0, instance:testcases.HomeLoanTest@694e1548]" name="method1" is-config="true" duration-ms="0" started-at="2023-04-16T04:53:01Z" finished-at="2023-04-16T04:53:01Z">
          <reporter-output>
          </reporter-output>
        </test-method> <!-- method1 -->
        <test-method status="PASS" signature="test3()[pri:0, instance:testcases.HomeLoanTest@694e1548]" name="test3" duration-ms="0" started-at="2023-04-16T04:53:01Z" finished-at="2023-04-16T04:53:01Z">
          <reporter-output>
          </reporter-output>
        </test-method> <!-- test3 -->
        <test-method status="PASS" signature="test4()[pri:0, instance:testcases.HomeLoanTest@694e1548]" name="test4" duration-ms="0" started-at="2023-04-16T04:53:01Z" finished-at="2023-04-16T04:53:01Z">
          <reporter-output>
          </reporter-output>
        </test-method> <!-- test4 -->
        <test-method status="PASS" signature="method2()[pri:0, instance:testcases.HomeLoanTest@694e1548]" name="method2" is-config="true" duration-ms="0" started-at="2023-04-16T04:53:01Z" finished-at="2023-04-16T04:53:01Z">
          <reporter-output>
          </reporter-output>
        </test-method> <!-- method2 -->
        <test-method status="PASS" signature="method1()[pri:0, instance:testcases.HomeLoanTest@694e1548]" name="method1" is-config="true" duration-ms="0" started-at="2023-04-16T04:53:01Z" finished-at="2023-04-16T04:53:01Z">
          <reporter-output>
          </reporter-output>
        </test-method> <!-- method1 -->
        <test-method status="PASS" signature="method2()[pri:0, instance:testcases.HomeLoanTest@694e1548]" name="method2" is-config="true" duration-ms="1" started-at="2023-04-16T04:53:01Z" finished-at="2023-04-16T04:53:01Z">
          <reporter-output>
          </reporter-output>
        </test-method> <!-- method2 -->
        <test-method status="PASS" signature="method4()[pri:0, instance:testcases.HomeLoanTest@694e1548]" name="method4" is-config="true" duration-ms="0" started-at="2023-04-16T04:53:01Z" finished-at="2023-04-16T04:53:01Z">
          <reporter-output>
          </reporter-output>
        </test-method> <!-- method4 -->
      </class> <!-- testcases.HomeLoanTest -->
    </test> <!-- Test -->
  </suite> <!-- Regression -->
</testng-results>
