<?xml version="1.0" encoding="UTF-8"?>
<testng-results skipped="0" failed="0" ignored="8" total="10" passed="2">
  <reporter-output>
  </reporter-output>
  <suite name="Regression" duration-ms="34" started-at="2023-04-16T04:19:45Z" finished-at="2023-04-16T04:19:45Z">
    <groups>
      <group name="sanity">
        <method signature="CreditCardTest.test4()[pri:0, instance:testcases.CreditCardTest@42d8062c]" name="test4" class="testcases.CreditCardTest"/>
        <method signature="HomeLoanTest.test4()[pri:0, instance:testcases.HomeLoanTest@e874448]" name="test4" class="testcases.HomeLoanTest"/>
      </group> <!-- sanity -->
    </groups>
    <test name="Test" duration-ms="34" started-at="2023-04-16T04:19:45Z" finished-at="2023-04-16T04:19:45Z">
      <class name="testcases.CreditCardTest">
        <test-method status="PASS" signature="method1()[pri:0, instance:testcases.CreditCardTest@42d8062c]" name="method1" is-config="true" duration-ms="0" started-at="2023-04-16T04:19:45Z" finished-at="2023-04-16T04:19:45Z">
          <reporter-output>
          </reporter-output>
        </test-method> <!-- method1 -->
        <test-method status="PASS" signature="test4()[pri:0, instance:testcases.CreditCardTest@42d8062c]" name="test4" duration-ms="1" started-at="2023-04-16T04:19:45Z" finished-at="2023-04-16T04:19:45Z">
          <reporter-output>
          </reporter-output>
        </test-method> <!-- test4 -->
        <test-method status="PASS" signature="method2()[pri:0, instance:testcases.CreditCardTest@42d8062c]" name="method2" is-config="true" duration-ms="0" started-at="2023-04-16T04:19:45Z" finished-at="2023-04-16T04:19:45Z">
          <reporter-output>
          </reporter-output>
        </test-method> <!-- method2 -->
      </class> <!-- testcases.CreditCardTest -->
      <class name="testcases.HomeLoanTest">
        <test-method status="PASS" signature="method3()[pri:0, instance:testcases.HomeLoanTest@e874448]" name="method3" is-config="true" duration-ms="9" started-at="2023-04-16T04:19:45Z" finished-at="2023-04-16T04:19:45Z">
          <reporter-output>
          </reporter-output>
        </test-method> <!-- method3 -->
        <test-method status="PASS" signature="method1()[pri:0, instance:testcases.HomeLoanTest@e874448]" name="method1" is-config="true" duration-ms="0" started-at="2023-04-16T04:19:45Z" finished-at="2023-04-16T04:19:45Z">
          <reporter-output>
          </reporter-output>
        </test-method> <!-- method1 -->
        <test-method status="PASS" signature="test4()[pri:0, instance:testcases.HomeLoanTest@e874448]" name="test4" duration-ms="5" started-at="2023-04-16T04:19:45Z" finished-at="2023-04-16T04:19:45Z">
          <reporter-output>
          </reporter-output>
        </test-method> <!-- test4 -->
        <test-method status="PASS" signature="method2()[pri:0, instance:testcases.HomeLoanTest@e874448]" name="method2" is-config="true" duration-ms="0" started-at="2023-04-16T04:19:45Z" finished-at="2023-04-16T04:19:45Z">
          <reporter-output>
          </reporter-output>
        </test-method> <!-- method2 -->
        <test-method status="PASS" signature="method4()[pri:0, instance:testcases.HomeLoanTest@e874448]" name="method4" is-config="true" duration-ms="0" started-at="2023-04-16T04:19:45Z" finished-at="2023-04-16T04:19:45Z">
          <reporter-output>
          </reporter-output>
        </test-method> <!-- method4 -->
      </class> <!-- testcases.HomeLoanTest -->
    </test> <!-- Test -->
  </suite> <!-- Regression -->
</testng-results>
